<?xml version="1.0" encoding="UTF-8"?>
<testsuite xmlns:xsi="http://www.w3.org/2001/XMLSchema-instance" xsi:noNamespaceSchemaLocation="https://maven.apache.org/surefire/maven-surefire-plugin/xsd/surefire-test-report-3.0.xsd" version="3.0" name="com.okestro.community.CommunityApplicationTests" time="1.236" tests="1" errors="0" skipped="0" failures="0">
  <properties>
[...]
</properties>
  <testcase name="contextLoads" classname="com.okestro.community.CommunityApplicationTests" time="0.39">
    <system-out><![CDATA[14:18:34.741 [main] INFO org.springframework.test.context.support.AnnotationConfigContextLoaderUtils -- Could not detect default configuration classes for test class [com.okestro.community.CommunityApplicationTests]: CommunityApplicationTests does not declare any static, non-private, non-final, nested classes annotated with @Configuration.
14:18:34.810 [main] INFO org.springframework.boot.test.context.SpringBootTestContextBootstrapper -- Found @SpringBootConfiguration com.okestro.community.CommunityApplication for test class com.okestro.community.CommunityApplicationTests
14:18:34.891 [main] INFO org.springframework.boot.devtools.restart.RestartApplicationListener -- Restart disabled due to context in which it is running

  .   ____          _            __ _ _
 /\\ / ___'_ __ _ _(_)_ __  __ _ \ \ \ \
( ( )\___ | '_ | '_| | '_ \/ _` | \ \ \ \
 \\/  ___)| |_)| | | | | || (_| |  ) ) ) )
  '  |____| .__|_| |_|_| |_\__, | / / / /
 =========|_|==============|___/=/_/_/_/
 :: Spring Boot ::                (v3.2.0)

2023-12-27T14:18:35.062+09:00  INFO 13658 --- [           main] c.o.community.CommunityApplicationTests  : Starting CommunityApplicationTests using Java 21.0.1 with PID 13658 (started by jeongjuhee in /Users/jeongjuhee/IdeaProjects/backend)
2023-12-27T14:18:35.063+09:00  INFO 13658 --- [           main] c.o.community.CommunityApplicationTests  : No active profile set, falling back to 1 default profile: "default"
2023-12-27T14:18:35.516+09:00  INFO 13658 --- [           main] c.o.community.CommunityApplicationTests  : Started CommunityApplicationTests in 0.634 seconds (process running for 1.174)
]]></system-out>
    <system-err><![CDATA[WARNING: A Java agent has been loaded dynamically (/Users/jeongjuhee/.m2/repository/net/bytebuddy/byte-buddy-agent/1.14.10/byte-buddy-agent-1.14.10.jar)
WARNING: If a serviceability tool is in use, please run with -XX:+EnableDynamicAgentLoading to hide this warning
WARNING: If a serviceability tool is not in use, please run with -Djdk.instrument.traceUsage for more information
WARNING: Dynamic loading of agents will be disallowed by default in a future release
]]></system-err>
  </testcase>
</testsuite>